0 info it worked if it ends with ok
1 verbose cli [ '/Users/jamescowan/.nvm/versions/node/v4.2.0/bin/node',
1 verbose cli   '/Users/jamescowan/.nvm/versions/node/v4.2.0/bin/npm',
1 verbose cli   'run',
1 verbose cli   'electron-build' ]
2 info using npm@2.14.7
3 info using node@v4.2.0
4 verbose run-script [ 'preelectron-build', 'electron-build', 'postelectron-build' ]
5 info preelectron-build electron-example@1.0.0
6 info electron-build electron-example@1.0.0
7 verbose unsafe-perm in lifecycle true
8 info electron-example@1.0.0 Failed to exec electron-build script
9 verbose stack Error: electron-example@1.0.0 electron-build: `npm run electron-build-osx`
9 verbose stack Exit status 1
9 verbose stack     at EventEmitter.<anonymous> (/Users/jamescowan/.nvm/versions/node/v4.2.0/lib/node_modules/npm/lib/utils/lifecycle.js:214:16)
9 verbose stack     at emitTwo (events.js:87:13)
9 verbose stack     at EventEmitter.emit (events.js:172:7)
9 verbose stack     at ChildProcess.<anonymous> (/Users/jamescowan/.nvm/versions/node/v4.2.0/lib/node_modules/npm/lib/utils/spawn.js:24:14)
9 verbose stack     at emitTwo (events.js:87:13)
9 verbose stack     at ChildProcess.emit (events.js:172:7)
9 verbose stack     at maybeClose (internal/child_process.js:818:16)
9 verbose stack     at Process.ChildProcess._handle.onexit (internal/child_process.js:211:5)
10 verbose pkgid electron-example@1.0.0
11 verbose cwd /Users/jamescowan/github/examples/electron-typescript-webpack/assets
12 error Darwin 14.5.0
13 error argv "/Users/jamescowan/.nvm/versions/node/v4.2.0/bin/node" "/Users/jamescowan/.nvm/versions/node/v4.2.0/bin/npm" "run" "electron-build"
14 error node v4.2.0
15 error npm  v2.14.7
16 error code ELIFECYCLE
17 error electron-example@1.0.0 electron-build: `npm run electron-build-osx`
17 error Exit status 1
18 error Failed at the electron-example@1.0.0 electron-build script 'npm run electron-build-osx'.
18 error This is most likely a problem with the electron-example package,
18 error not with npm itself.
18 error Tell the author that this fails on your system:
18 error     npm run electron-build-osx
18 error You can get their info via:
18 error     npm owner ls electron-example
18 error There is likely additional logging output above.
19 verbose exit [ 1, true ]
